[2017-04-11 18:40:52] START
[2017-04-11 18:40:52] EDIT WhenIf/views/layout.html: 1
[2017-04-11 18:41:18] EDIT WhenIf/views/layout.html: 0
[2017-04-11 18:41:24] EDIT WhenIf/views/layout.html: -1
[2017-04-11 18:41:56] EDIT WhenIf/views/layout.html: 0
[2017-04-11 18:43:35] EDIT WhenIf/models/0.py: 1
[2017-04-11 18:43:38] EDIT WhenIf/models/0.py: 0
[2017-04-11 18:46:02] EDIT WhenIf/models/0.py: 0
[2017-04-11 18:46:29] EDIT WhenIf/models/0.py: 2
[2017-04-11 18:46:43] EDIT WhenIf/models/0.py: -3
[2017-04-11 18:47:05] EDIT WhenIf/models/db.py: 0
[2017-04-11 18:47:15] EDIT WhenIf/models/db.py: 0
[2017-04-11 18:55:51] EDIT WhenIf/views/default/user.html: 0
[2017-04-11 18:56:19] EDIT WhenIf/views/default/user.html: 0
[2017-04-11 18:56:25] EDIT WhenIf/views/default/user.html: 0
[2017-04-11 19:03:27] EDIT WhenIf/views/layout.html: 19
[2017-04-11 19:03:42] EDIT WhenIf/views/layout.html: -19
[2017-04-11 19:03:57] EDIT WhenIf/views/layout.html: 0
[2017-04-11 19:04:34] EDIT WhenIf/views/layout.html: 0
[2017-04-11 19:05:33] EDIT WhenIf/models/0.py: 2
[2017-04-11 19:06:35] EDIT WhenIf/models/0.py: 0
[2017-04-11 19:07:43] EDIT WhenIf/models/0.py: -1
[2017-04-11 19:08:09] EDIT WhenIf/models/0.py: 0
[2017-04-11 19:08:32] EDIT WhenIf/models/0.py: 0
[2017-04-11 19:10:25] EDIT WhenIf/models/0.py: 0
[2017-04-11 19:11:57] EDIT WhenIf/models/0.py: 0
[2017-04-11 19:12:39] EDIT WhenIf/models/menu.py: 0
[2017-04-11 19:15:08] EDIT WhenIf/models/0.py: 3
[2017-04-11 19:15:15] EDIT WhenIf/models/0.py: -4
[2017-04-11 19:15:22] EDIT WhenIf/models/menu.py: 1
[2017-04-11 19:19:55] EDIT WhenIf/models/menu.py: 4
[2017-04-11 19:24:25] EDIT WhenIf/models/menu.py: 0
[2017-04-11 19:25:05] EDIT WhenIf/models/menu.py: 0
[2017-04-11 19:25:53] EDIT WhenIf/models/menu.py: 0
[2017-04-11 19:25:55] EDIT WhenIf/models/menu.py: 0
[2017-04-11 19:26:24] EDIT WhenIf/views/default/user.html: 0
[2017-04-11 19:26:42] EDIT WhenIf/models/db.py: 0
[2017-04-11 19:26:45] EDIT WhenIf/models/db.py: 0
[2017-04-11 19:27:51] EDIT WhenIf/models/menu.py: 0
[2017-04-11 19:27:56] EDIT WhenIf/models/menu.py: 0
[2017-04-11 19:29:54] EDIT WhenIf/models/menu.py: 0
[2017-04-11 19:30:35] EDIT WhenIf/models/menu.py: 0
[2017-04-11 19:31:14] EDIT WhenIf/models/menu.py: 0
[2017-04-11 19:31:24] EDIT WhenIf/models/menu.py: 0
[2017-04-11 19:32:24] EDIT WhenIf/models/menu.py: 0
[2017-04-11 19:33:05] EDIT WhenIf/models/menu.py: 0
[2017-04-11 19:33:42] EDIT WhenIf/models/menu.py: 0
[2017-04-11 19:34:12] EDIT WhenIf/models/menu.py: 0
[2017-04-11 19:36:04] EDIT WhenIf/views/default/index.html: 8
[2017-04-11 19:37:23] EDIT WhenIf/views/default/index.html: 9
[2017-04-11 19:38:01] EDIT WhenIf/views/default/index.html: 1
[2017-04-11 19:38:45] EDIT WhenIf/views/default/index.html: 4
[2017-04-11 19:39:04] EDIT WhenIf/views/default/index.html: 2
[2017-04-11 19:39:52] EDIT WhenIf/views/default/index.html: 0
[2017-04-11 19:40:12] EDIT WhenIf/views/default/index.html: 0
[2017-04-11 19:43:10] EDIT WhenIf/models/db.py: 1
[2017-04-11 19:43:14] EDIT WhenIf/models/db.py: 0
[2017-04-11 20:15:06] EDIT WhenIf/models/db.py: 13
[2017-04-11 20:15:55] EDIT WhenIf/views/layout.html: 0
[2017-04-11 20:16:12] EDIT WhenIf/views/layout.html: 0
[2017-04-11 20:16:42] EDIT WhenIf/models/0.py: 0
[2017-04-11 20:17:33] EDIT WhenIf/views/layout.html: 0
[2017-04-11 20:17:55] EDIT WhenIf/views/layout.html: 0
[2017-04-11 20:18:05] EDIT WhenIf/views/layout.html: 0
[2017-04-11 20:18:35] EDIT WhenIf/views/layout.html: 0
[2017-04-11 20:18:54] EDIT WhenIf/models/db.py: 1
[2017-04-11 20:18:59] EDIT WhenIf/models/db.py: 0
[2017-04-11 20:19:16] EDIT WhenIf/views/layout.html: 0
[2017-04-11 20:20:02] EDIT WhenIf/models/db.py: 0
[2017-04-11 20:20:13] EDIT WhenIf/views/layout.html: 0
[2017-04-11 20:20:39] EDIT WhenIf/models/db.py: 2
[2017-04-11 20:20:46] EDIT WhenIf/views/layout.html: 0
[2017-04-11 20:21:43] EDIT WhenIf/models/db.py: -3
[2017-04-11 20:23:52] EDIT WhenIf/models/db.py: 0
[2017-04-11 20:23:57] EDIT WhenIf/views/layout.html: 0
[2017-04-11 20:25:58] EDIT WhenIf/views/layout.html: 0
[2017-04-11 20:27:32] EDIT WhenIf/models/db.py: 1
[2017-04-11 20:27:51] EDIT WhenIf/views/layout.html: 0
[2017-04-11 20:28:21] EDIT WhenIf/models/db.py: 0
[2017-04-11 20:28:36] EDIT WhenIf/models/db.py: 0
[2017-04-11 20:28:57] EDIT WhenIf/views/layout.html: 0
[2017-04-11 20:29:14] EDIT WhenIf/views/layout.html: 0
[2017-04-11 20:29:23] EDIT WhenIf/models/db.py: 0
[2017-04-11 20:29:46] EDIT WhenIf/models/db.py: 0
[2017-04-11 20:31:10] EDIT WhenIf/models/db.py: 0
[2017-04-11 20:31:25] EDIT WhenIf/models/db.py: 0
[2017-04-11 20:32:04] EDIT WhenIf/models/db.py: -4
[2017-04-11 20:32:25] EDIT WhenIf/views/layout.html: 0
[2017-04-11 20:32:47] EDIT WhenIf/views/layout.html: 0
[2017-04-11 20:33:05] EDIT WhenIf/models/db.py: -4
[2017-04-11 20:33:34] EDIT WhenIf/models/db.py: 0
[2017-04-11 20:35:08] EDIT WhenIf/models/db.py: 0
[2017-04-11 20:35:51] EDIT WhenIf/models/db.py: 0
[2017-04-12 22:33:03] EDIT WhenIf/models/db.py: 3
[2017-04-19 23:53:00] CREATE yourmom.py: 0
[2017-04-19 23:54:14] DELETE WhenIf/controllers/yourmom.py: -1
[2017-04-19 23:54:34] EDIT WhenIf/controllers/default.py: 2
[2017-04-19 23:55:19] CREATE default/sunnybucks.html: 0
[2017-04-19 23:56:32] EDIT WhenIf/views/default/sunnybucks.html: 11
[2017-04-19 23:57:02] EDIT WhenIf/views/default/sunnybucks.html: 5
[2017-04-19 23:57:38] EDIT WhenIf/views/default/sunnybucks.html: 0
[2017-04-19 23:58:04] EDIT WhenIf/views/default/sunnybucks.html: 0
[2017-04-20 00:00:39] EDIT WhenIf/controllers/default.py: 1
[2017-04-20 00:01:08] EDIT WhenIf/models/0.py: 1
[2017-04-20 00:01:57] EDIT WhenIf/views/default/sunnybucks.html: 0
[2017-04-25 16:10:24] EDIT WhenIf/controllers/default.py: -3
[2017-04-25 16:10:35] DELETE WhenIf/views/default/sunnybucks.html: -19
[2017-04-25 16:13:49] EDIT WhenIf/models/db.py: 2
[2017-04-25 16:19:31] EDIT WhenIf/controllers/default.py: 2
[2017-04-25 16:19:34] EDIT WhenIf/controllers/default.py: 0
[2017-04-25 16:19:50] EDIT WhenIf/controllers/default.py: 0
[2017-04-25 16:20:12] EDIT WhenIf/controllers/default.py: 0
[2017-04-25 16:20:54] EDIT WhenIf/controllers/default.py: 1
[2017-04-25 16:21:21] EDIT WhenIf/controllers/default.py: 0
[2017-04-25 17:07:49] EDIT WhenIf/controllers/default.py: 0
[2017-04-25 17:08:29] EDIT WhenIf/controllers/default.py: 0
[2017-04-25 17:11:40] EDIT WhenIf/controllers/default.py: 1
[2017-04-25 17:12:54] EDIT WhenIf/controllers/default.py: 0
[2017-04-25 17:12:57] EDIT WhenIf/controllers/default.py: -1
[2017-04-25 17:13:28] EDIT WhenIf/controllers/default.py: 0
[2017-04-25 17:15:31] EDIT WhenIf/controllers/default.py: 2
[2017-04-25 17:16:12] EDIT WhenIf/controllers/default.py: 0
[2017-04-25 17:16:17] EDIT WhenIf/controllers/default.py: 0
[2017-04-25 17:16:20] EDIT WhenIf/controllers/default.py: 0
[2017-04-25 17:17:47] EDIT WhenIf/views/default/user.html: 3
[2017-04-25 17:18:16] EDIT WhenIf/views/default/user.html: -2
[2017-04-25 17:18:46] EDIT WhenIf/views/default/user.html: 0
[2017-04-25 17:19:06] EDIT WhenIf/controllers/default.py: 0
[2017-04-25 17:19:09] EDIT WhenIf/controllers/default.py: 0
[2017-04-25 17:19:12] EDIT WhenIf/controllers/default.py: 0
[2017-04-25 17:20:11] EDIT WhenIf/views/default/user.html: 0
[2017-04-25 17:20:39] EDIT WhenIf/views/default/user.html: 0
[2017-04-25 17:21:07] EDIT WhenIf/views/default/user.html: 1
[2017-04-25 17:21:24] EDIT WhenIf/views/default/user.html: 0
[2017-04-25 17:21:32] EDIT WhenIf/views/default/user.html: 0
[2017-04-25 17:21:36] EDIT WhenIf/views/default/user.html: -1
[2017-04-25 17:22:44] EDIT WhenIf/views/default/user.html: 0
[2017-04-25 17:24:44] EDIT WhenIf/controllers/default.py: 1
[2017-04-25 17:24:50] EDIT WhenIf/controllers/default.py: 0
[2017-04-25 17:25:07] EDIT WhenIf/controllers/default.py: 0
[2017-04-25 17:29:59] EDIT WhenIf/models/db.py: -2
[2017-04-25 17:30:04] EDIT WhenIf/models/db.py: 0
[2017-04-25 17:30:39] EDIT WhenIf/views/default/user.html: 0
[2017-04-25 17:31:01] EDIT WhenIf/views/default/user.html: 0
[2017-04-25 17:31:33] EDIT WhenIf/views/default/user.html: 0
[2017-04-25 17:34:20] EDIT WhenIf/models/menu.py: 1
[2017-04-25 17:34:38] EDIT WhenIf/models/menu.py: 0
[2017-04-25 17:35:31] EDIT WhenIf/controllers/default.py: 0
[2017-04-25 17:42:14] CREATE default/search.html: 0
[2017-04-25 18:05:28] EDIT WhenIf/views/default/search.html: 77
[2017-04-25 18:06:47] EDIT WhenIf/views/default/search.html: 7
[2017-04-25 18:07:30] EDIT WhenIf/views/default/search.html: 0
[2017-04-25 18:07:44] EDIT WhenIf/views/default/search.html: 0
[2017-04-25 18:08:22] EDIT WhenIf/views/default/search.html: 0
[2017-04-25 18:10:49] EDIT WhenIf/views/default/search.html: 0
[2017-04-25 18:11:40] EDIT WhenIf/views/default/search.html: -7
[2017-04-25 18:24:19] EDIT WhenIf/views/default/search.html: 0
[2017-04-25 18:24:33] EDIT WhenIf/controllers/default.py: 2
[2017-04-25 18:24:42] CREATE default/result.html: 0
[2017-04-25 18:25:00] EDIT WhenIf/views/default/result.html: 95
[2017-04-25 18:27:20] EDIT WhenIf/views/default/result.html: -44
[2017-04-25 18:27:41] EDIT WhenIf/views/default/result.html: 0
[2017-04-25 18:29:19] EDIT WhenIf/views/default/result.html: 0
[2017-04-25 18:30:10] EDIT WhenIf/views/default/result.html: 0
[2017-04-25 18:32:48] EDIT WhenIf/views/default/result.html: 38
[2017-04-25 18:33:21] EDIT WhenIf/views/default/result.html: 0
[2017-04-25 18:33:37] EDIT WhenIf/views/default/result.html: 0
[2017-04-25 18:35:13] EDIT WhenIf/views/default/result.html: 1
[2017-04-25 18:35:28] EDIT WhenIf/views/default/result.html: 89
[2017-04-25 18:36:13] EDIT WhenIf/views/default/result.html: 0
[2017-04-25 18:37:27] EDIT WhenIf/views/default/result.html: 89
[2017-04-25 18:40:03] EDIT WhenIf/views/default/result.html: 24
[2017-04-25 18:41:39] EDIT WhenIf/views/default/result.html: 111
[2017-04-25 18:41:53] EDIT WhenIf/views/default/result.html: 24
[2017-04-25 18:42:22] EDIT WhenIf/views/default/result.html: -3
[2017-05-17 23:42:42] EDIT WhenIf/models/0.py: 1
[2017-05-17 23:57:23] EDIT WhenIf/models/db.py: 12
[2017-05-17 23:57:49] EDIT WhenIf/models/db.py: 0
[2017-05-17 23:57:56] EDIT WhenIf/models/db.py: 0
[2017-05-18 00:04:51] EDIT WhenIf/models/db.py: -3
[2017-05-18 00:05:23] EDIT WhenIf/models/db.py: 0
[2017-05-18 00:16:54] EDIT WhenIf/modules/seed.py: 0
[2017-05-18 00:17:14] EDIT WhenIf/models/0.py: 1
[2017-05-18 00:17:41] EDIT WhenIf/controllers/default.py: -8
[2017-05-18 00:18:52] EDIT WhenIf/controllers/default.py: 0
[2017-05-18 00:19:15] CREATE default/test.html: 0
[2017-05-18 00:20:11] EDIT WhenIf/models/0.py: 1
[2017-05-18 00:23:50] EDIT WhenIf/controllers/default.py: 2
[2017-05-18 00:24:06] EDIT WhenIf/controllers/default.py: 0
[2017-05-18 00:24:23] EDIT WhenIf/models/0.py: 0
[2017-05-18 00:24:50] EDIT WhenIf/controllers/default.py: 0
[2017-05-18 00:25:20] EDIT WhenIf/controllers/default.py: 0
[2017-05-18 00:28:08] EDIT WhenIf/modules/whatIf.py: 1
[2017-05-18 00:30:05] EDIT WhenIf/controllers/default.py: 0
[2017-05-18 00:31:14] EDIT WhenIf/modules/whatIf.py: 0
[2017-05-18 00:33:29] EDIT WhenIf/controllers/default.py: 0
[2017-05-18 00:35:03] EDIT WhenIf/controllers/default.py: 0
[2017-05-19 15:02:15] EDIT WhenIf/models/db.py: -6
[2017-05-19 15:02:34] EDIT WhenIf/models/db.py: 0
[2017-05-19 15:02:46] EDIT WhenIf/models/db.py: 0
[2017-05-19 15:08:06] EDIT WhenIf/models/db.py: 0
[2017-05-19 15:10:07] EDIT WhenIf/models/db.py: 0
[2017-05-19 15:13:41] EDIT WhenIf/models/db.py: -10
[2017-05-19 15:13:46] EDIT WhenIf/models/db.py: -1
[2017-05-19 15:15:08] EDIT WhenIf/models/db.py: 0
[2017-05-19 15:23:17] EDIT WhenIf/controllers/default.py: 31
[2017-05-19 15:24:32] EDIT WhenIf/models/db.py: 1
[2017-05-19 15:24:36] EDIT WhenIf/controllers/default.py: 0
[2017-05-19 15:25:14] EDIT WhenIf/controllers/default.py: 0
[2017-05-19 15:27:05] EDIT WhenIf/controllers/default.py: 0
[2017-05-19 15:27:37] EDIT WhenIf/controllers/default.py: 0
[2017-05-19 15:27:49] EDIT WhenIf/controllers/default.py: 0
[2017-05-19 15:28:05] EDIT WhenIf/controllers/default.py: 0
[2017-05-19 15:28:09] EDIT WhenIf/controllers/default.py: 0
[2017-05-19 15:29:01] EDIT WhenIf/controllers/default.py: 1
[2017-05-19 15:29:15] EDIT WhenIf/controllers/default.py: 0
[2017-05-19 15:30:44] EDIT WhenIf/controllers/default.py: 0
[2017-05-19 15:32:58] EDIT WhenIf/controllers/default.py: 0
[2017-05-19 15:33:09] EDIT WhenIf/controllers/default.py: 0
[2017-05-19 15:33:46] EDIT WhenIf/controllers/default.py: 0
[2017-05-19 15:36:59] EDIT WhenIf/controllers/default.py: 0
[2017-05-19 15:37:11] EDIT WhenIf/controllers/default.py: 0
[2017-05-19 15:37:45] EDIT WhenIf/models/db.py: 0
[2017-05-19 15:38:06] EDIT WhenIf/models/db.py: 0
[2017-05-19 15:40:09] EDIT WhenIf/models/db.py: 1
[2017-05-19 15:42:43] EDIT WhenIf/models/db.py: 0
[2017-05-19 15:45:05] EDIT WhenIf/models/db.py: 1
[2017-05-19 15:45:42] EDIT WhenIf/models/db.py: 0
[2017-05-19 15:50:52] EDIT WhenIf/models/db.py: 0
[2017-05-19 15:51:01] EDIT WhenIf/models/db.py: 0
[2017-05-19 15:54:30] EDIT WhenIf/models/db.py: 0
[2017-05-19 16:00:00] EDIT WhenIf/models/db.py: 1
[2017-05-19 16:00:07] EDIT WhenIf/models/db.py: -1
[2017-05-19 16:00:11] EDIT WhenIf/models/db.py: 0
[2017-05-19 16:02:06] EDIT WhenIf/models/db.py: 2
[2017-05-19 16:03:29] EDIT WhenIf/models/db.py: 0
[2017-05-19 16:05:39] EDIT WhenIf/models/db.py: 2
[2017-05-19 16:06:21] EDIT WhenIf/models/db.py: 0
[2017-05-19 16:10:37] EDIT WhenIf/models/db.py: 0
[2017-05-19 16:14:26] EDIT WhenIf/models/db.py: -2
[2017-05-19 16:14:29] EDIT WhenIf/models/db.py: 0
[2017-05-19 16:14:40] EDIT WhenIf/models/db.py: 0
[2017-05-19 16:14:56] EDIT WhenIf/models/db.py: -1
[2017-05-19 16:15:50] EDIT WhenIf/models/db.py: 0
[2017-05-19 16:16:30] EDIT WhenIf/controllers/default.py: -2
[2017-05-19 16:25:16] EDIT WhenIf/controllers/default.py: 0
[2017-05-19 16:25:44] EDIT WhenIf/controllers/default.py: 0
[2017-05-19 16:26:42] EDIT WhenIf/models/db.py: 1
[2017-05-19 16:27:19] EDIT WhenIf/models/db.py: 0
[2017-05-19 16:27:21] EDIT WhenIf/controllers/default.py: 0
[2017-05-19 16:27:27] EDIT WhenIf/controllers/default.py: 0
[2017-05-19 16:28:23] EDIT WhenIf/models/db.py: -1
[2017-05-19 16:31:48] EDIT WhenIf/models/db.py: 0
[2017-05-19 16:32:01] EDIT WhenIf/controllers/default.py: 0
[2017-05-19 16:32:15] EDIT WhenIf/controllers/default.py: 0
[2017-05-19 16:32:23] EDIT WhenIf/models/db.py: 0
[2017-05-19 16:34:33] EDIT WhenIf/controllers/default.py: 0
[2017-05-19 16:40:47] EDIT WhenIf/views/default/search.html: 13
[2017-05-19 16:41:18] EDIT WhenIf/views/default/search.html: -10
[2017-05-19 16:41:33] EDIT WhenIf/views/default/search.html: 0
[2017-05-19 16:44:49] EDIT WhenIf/controllers/default.py: 0
[2017-05-19 16:46:59] EDIT WhenIf/modules/whatIf.py: 1
[2017-05-19 16:48:17] EDIT WhenIf/controllers/default.py: 0
[2017-05-19 16:48:21] EDIT WhenIf/controllers/default.py: 0
[2017-05-19 16:49:01] EDIT WhenIf/controllers/default.py: 0
[2017-05-19 17:16:44] EDIT WhenIf/views/default/result.html: 1
[2017-05-19 17:18:08] EDIT WhenIf/views/default/result.html: 1
[2017-05-19 17:19:25] EDIT WhenIf/views/default/result.html: 1
[2017-05-19 17:19:55] EDIT WhenIf/views/default/result.html: 0
[2017-05-19 17:20:22] EDIT WhenIf/views/default/result.html: 0
[2017-05-19 17:25:02] EDIT WhenIf/views/default/result.html: -19
[2017-05-19 17:29:42] EDIT WhenIf/views/default/result.html: 13
[2017-05-19 17:30:18] EDIT WhenIf/views/default/result.html: 0
[2017-05-19 17:30:32] EDIT WhenIf/views/default/result.html: 0
[2017-05-19 17:32:41] EDIT WhenIf/views/default/result.html: -9
[2017-05-19 17:32:50] EDIT WhenIf/views/default/result.html: 0
[2017-05-19 17:33:27] EDIT WhenIf/views/default/result.html: 8
[2017-05-19 17:33:34] EDIT WhenIf/views/default/result.html: -1
[2017-05-19 17:34:00] EDIT WhenIf/views/default/result.html: 0
[2017-05-19 17:34:07] EDIT WhenIf/views/default/result.html: 0
[2017-05-19 17:34:34] EDIT WhenIf/views/default/result.html: 0
[2017-05-20 18:11:10] EDIT WhenIf/models/db.py: -1
[2017-05-20 18:12:36] EDIT WhenIf/models/db.py: 1
[2017-05-20 18:13:25] EDIT WhenIf/models/db.py: 0
[2017-05-20 18:13:42] EDIT WhenIf/models/db.py: 0
[2017-05-20 18:14:36] EDIT WhenIf/models/db.py: 0
[2017-05-20 18:14:36] EDIT WhenIf/models/db.py: 0
[2017-05-20 18:14:36] EDIT WhenIf/models/db.py: 0
[2017-05-20 18:15:26] EDIT WhenIf/models/0.py: -1
[2017-05-20 19:01:13] EDIT WhenIf/models/db.py: -2
[2017-05-20 19:15:21] EDIT WhenIf/models/db.py: 0
[2017-05-20 19:21:18] EDIT WhenIf/models/db.py: -1
[2017-05-20 19:21:46] EDIT WhenIf/models/db.py: -1
[2017-05-20 19:21:51] EDIT WhenIf/models/db.py: 0
[2017-05-20 19:23:47] EDIT WhenIf/models/db.py: 0
[2017-05-20 19:27:27] DELETE WhenIf/models/db_wizard_populate.py: -3
[2017-05-20 19:28:12] EDIT WhenIf/controllers/default.py: -32
[2017-05-20 19:28:39] EDIT WhenIf/models/0.py: 0
[2017-05-20 19:29:08] DELETE WhenIf/private/appconfig.ini.bak: -26
[2017-05-20 19:29:58] EDIT WhenIf/private/appconfig.ini: 0
[2017-05-20 19:36:40] EDIT WhenIf/models/db.py: 1
[2017-05-20 19:36:49] EDIT WhenIf/models/db.py: 0
[2017-05-20 19:37:31] EDIT WhenIf/models/db.py: 0
[2017-05-20 19:40:39] EDIT WhenIf/models/db.py: 3
[2017-05-20 19:41:02] EDIT WhenIf/models/db.py: 0
[2017-05-20 19:42:35] EDIT WhenIf/models/db.py: 2
[2017-05-20 19:44:52] EDIT WhenIf/models/db.py: -2
[2017-05-20 19:45:04] EDIT WhenIf/models/db.py: 0
[2017-05-20 19:45:23] EDIT WhenIf/models/db.py: 1
[2017-05-20 19:47:23] EDIT WhenIf/models/db.py: 0
[2017-05-20 19:50:44] EDIT WhenIf/models/db.py: 1
[2017-05-20 19:51:05] EDIT WhenIf/models/db.py: 0
[2017-05-20 19:51:12] EDIT WhenIf/models/db.py: 0
[2017-05-20 19:52:02] EDIT WhenIf/models/db.py: 0
[2017-05-20 19:52:21] EDIT WhenIf/models/db.py: 1
[2017-05-20 19:52:49] EDIT WhenIf/models/db.py: 0
[2017-05-20 19:52:59] EDIT WhenIf/models/db.py: -3
[2017-05-20 19:56:26] EDIT WhenIf/views/default/result.html: -7
[2017-05-20 19:56:36] EDIT WhenIf/views/default/result.html: 0
[2017-05-20 19:58:46] EDIT WhenIf/views/default/result.html: 9
[2017-05-20 19:59:24] EDIT WhenIf/views/default/result.html: 0
[2017-05-20 20:00:23] EDIT WhenIf/views/default/result.html: -3
[2017-05-20 20:00:42] EDIT WhenIf/views/default/result.html: 0
